<?xml version="1.0" encoding="UTF-8"?>
<!-- Generated by org.testng.reporters.JUnitReportReporter -->
<testsuite hostname="DESKTOP-AREV02Q" failures="0" tests="8" name="com.fastraxCP.testCases.loginPage" time="116.607" errors="0" timestamp="2023-06-12T17:07:14 IST" skipped="0">
  <testcase classname="com.fastraxCP.testCases.loginPage" name="loginwithValidCredential" time="15.143"/>
  <system-out/>
  <testcase classname="com.fastraxCP.testCases.loginPage" name="loginwithInValidEmail" time="14.931"/>
  <system-out/>
  <testcase classname="com.fastraxCP.testCases.loginPage" name="loginwithInvalidPassword" time="14.993"/>
  <system-out/>
  <testcase classname="com.fastraxCP.testCases.loginPage" name="loginwithbothInvalidEmailPass" time="13.066"/>
  <system-out/>
  <testcase classname="com.fastraxCP.testCases.loginPage" name="loginwithemptyemail" time="13.078"/>
  <system-out/>
  <testcase classname="com.fastraxCP.testCases.loginPage" name="loginwithemptypassword" time="13.114"/>
  <system-out/>
  <testcase classname="com.fastraxCP.testCases.loginPage" name="loginwithlessdigitPassword" time="19.284"/>
  <system-out/>
  <testcase classname="com.fastraxCP.testCases.loginPage" name="ValidEmailandPassword" time="12.998"/>
  <system-out/>
</testsuite> <!-- com.fastraxCP.testCases.loginPage -->
