<?xml version="1.0" encoding="UTF-8"?>
<!-- Generated by org.testng.reporters.JUnitReportReporter -->
<testsuite hostname="DESKTOP-AREV02Q" failures="0" tests="1" name="com.fastraxCP.testCases.RegisterPage" time="23.808" errors="0" timestamp="2023-06-12T17:07:14 IST" skipped="0">
  <testcase classname="com.fastraxCP.testCases.RegisterPage" name="registerPage" time="23.808"/>
  <system-out/>
</testsuite> <!-- com.fastraxCP.testCases.RegisterPage -->
